<?xml version="1.0" encoding="UTF-8"?>
<!-- Generated by org.testng.reporters.JUnitReportReporter -->
<testsuite skipped="0" hostname="DESKTOP-55AGI0I" name="com.amex.jsontest.GoogleAccountTest" tests="2" failures="0" timestamp="2021-08-18T14:34:17 IST" time="11.259" errors="0">
  <testcase name="accountCreationTest" time="8.673" classname="com.amex.jsontest.GoogleAccountTest"/>
  <system-out/>
  <testcase name="accountCreationTest" time="2.586" classname="com.amex.jsontest.GoogleAccountTest"/>
  <system-out/>
</testsuite> <!-- com.amex.jsontest.GoogleAccountTest -->
