<?xml version="1.0" encoding="UTF-8"?>
<!-- Generated by org.testng.reporters.JUnitReportReporter -->
<testsuite skipped="0" hostname="DESKTOP-55AGI0I" name="com.amex.tests.PhoneSearchTestNGTest" tests="1" failures="0" timestamp="2021-08-16T16:41:30 IST" time="0.019" errors="0">
  <testcase name="canadaSearchTitleTest" time="0.019" classname="com.amex.tests.PhoneSearchTestNGTest"/>
  <system-out/>
</testsuite> <!-- com.amex.tests.PhoneSearchTestNGTest -->
