<?xml version="1.0" encoding="UTF-8"?>
<!-- Generated by org.testng.reporters.JUnitReportReporter -->
<testsuite skipped="0" hostname="DESKTOP-55AGI0I" name="com.amex.tests.PhoneSearchTestNGTest" tests="1" failures="0" timestamp="2021-08-16T17:35:11 IST" time="9.826" errors="0">
  <testcase name="canadaSearchFindPeopleTest" time="9.826" classname="com.amex.tests.PhoneSearchTestNGTest"/>
  <system-out/>
</testsuite> <!-- com.amex.tests.PhoneSearchTestNGTest -->
