<?xml version="1.0" encoding="UTF-8"?>
<!-- Generated by org.testng.reporters.JUnitReportReporter -->
<testsuite skipped="0" hostname="DESKTOP-55AGI0I" name="com.amex.tests.PhoneSearchTestNGV1Test" tests="1" failures="0" timestamp="2022-01-11T23:13:24 IST" time="16.637" errors="0">
  <testcase name="canadaSearchTest" time="16.637" classname="com.amex.tests.PhoneSearchTestNGV1Test"/>
  <system-out/>
</testsuite> <!-- com.amex.tests.PhoneSearchTestNGV1Test -->
