<?xml version="1.0" encoding="UTF-8"?>
<!-- Generated by org.testng.reporters.JUnitReportReporter -->
<testsuite skipped="0" hostname="DESKTOP-55AGI0I" name="com.amex.tests.PhoneSearchTestNGTest" tests="1" failures="0" timestamp="2021-08-17T09:48:40 IST" time="16.802" errors="0">
  <testcase name="canadaSearchFindPeopleTest" time="16.802" classname="com.amex.tests.PhoneSearchTestNGTest"/>
  <system-out/>
</testsuite> <!-- com.amex.tests.PhoneSearchTestNGTest -->
