<?xml version="1.0" encoding="UTF-8"?>
<!-- Generated by org.testng.reporters.JUnitReportReporter -->
<testsuite skipped="0" hostname="DESKTOP-55AGI0I" name="com.amex.csvfiles.Vat19WriteCSVTest" tests="1" failures="0" timestamp="2021-08-17T14:44:23 IST" time="7.806" errors="0">
  <testcase name="readStrangeandFunTest" time="7.806" classname="com.amex.csvfiles.Vat19WriteCSVTest"/>
  <system-out/>
</testsuite> <!-- com.amex.csvfiles.Vat19WriteCSVTest -->
