<?xml version="1.0" encoding="UTF-8"?>
<!-- Generated by org.testng.reporters.JUnitReportReporter -->
<testsuite skipped="0" hostname="DESKTOP-55AGI0I" name="com.amex.xmltest.NSETest" tests="4" failures="0" timestamp="2021-08-18T14:35:05 IST" time="12.601" errors="0">
  <testcase name="nseReportTest" time="8.012" classname="com.amex.xmltest.NSETest"/>
  <system-out/>
  <testcase name="nseReportTest" time="1.419" classname="com.amex.xmltest.NSETest"/>
  <system-out/>
  <testcase name="nseReportTest" time="1.542" classname="com.amex.xmltest.NSETest"/>
  <system-out/>
  <testcase name="nseReportTest" time="1.628" classname="com.amex.xmltest.NSETest"/>
  <system-out/>
</testsuite> <!-- com.amex.xmltest.NSETest -->
