<?xml version="1.0" encoding="UTF-8"?>
<!-- Generated by org.testng.reporters.JUnitReportReporter -->
<testsuite skipped="0" hostname="DESKTOP-55AGI0I" name="com.amex.newtours.NewToursExcelRegisterTest" tests="3" failures="0" timestamp="2021-08-18T14:33:31 IST" time="31.387" errors="0">
  <testcase name="testDataProviderRegister" time="5.705" classname="com.amex.newtours.NewToursExcelRegisterTest"/>
  <system-out/>
  <testcase name="testRegister" time="13.668" classname="com.amex.newtours.NewToursExcelRegisterTest"/>
  <system-out/>
  <testcase name="testDataProviderRegister" time="12.014" classname="com.amex.newtours.NewToursExcelRegisterTest"/>
  <system-out/>
</testsuite> <!-- com.amex.newtours.NewToursExcelRegisterTest -->
