<?xml version="1.0" encoding="UTF-8"?>
<!-- Generated by org.testng.reporters.JUnitReportReporter -->
<testsuite skipped="0" hostname="DESKTOP-55AGI0I" name="com.amex.parameterizedtests.DataProviderTest" tests="4" failures="0" timestamp="2021-08-17T12:26:16 IST" time="57.175" errors="0">
  <testcase name="canadaSearchDataProviderTest" time="23.299" classname="com.amex.parameterizedtests.DataProviderTest"/>
  <system-out/>
  <testcase name="canadaSearchDataProviderTest" time="13.507" classname="com.amex.parameterizedtests.DataProviderTest"/>
  <system-out/>
  <testcase name="suiteParameterizedTest" time="2.987" classname="com.amex.parameterizedtests.DataProviderTest"/>
  <system-out/>
  <testcase name="canadaSearchDataProviderTest" time="17.382" classname="com.amex.parameterizedtests.DataProviderTest"/>
  <system-out/>
</testsuite> <!-- com.amex.parameterizedtests.DataProviderTest -->
