<?xml version="1.0" encoding="UTF-8"?>
<!-- Generated by org.testng.reporters.JUnitReportReporter -->
<testsuite skipped="0" hostname="DESKTOP-55AGI0I" name="com.amex.csvfiles.GoldenChennaiWriteCSVTest" tests="1" failures="0" timestamp="2021-08-17T15:49:58 IST" time="9.014" errors="0">
  <testcase name="readGoldenRateTest" time="9.014" classname="com.amex.csvfiles.GoldenChennaiWriteCSVTest"/>
  <system-out/>
</testsuite> <!-- com.amex.csvfiles.GoldenChennaiWriteCSVTest -->
