<?xml version="1.0" encoding="UTF-8"?>
<!-- Generated by org.testng.reporters.JUnitReportReporter -->
<testsuite skipped="0" hostname="DESKTOP-55AGI0I" name="com.amex.newtours.NewToursExcelRegisterTest" tests="1" failures="0" timestamp="2021-08-17T17:35:03 IST" time="29.461" errors="0">
  <testcase name="testRegister" time="29.461" classname="com.amex.newtours.NewToursExcelRegisterTest"/>
  <system-out/>
</testsuite> <!-- com.amex.newtours.NewToursExcelRegisterTest -->
