<?xml version="1.0" encoding="UTF-8"?>
<!-- Generated by org.testng.reporters.JUnitReportReporter -->
<testsuite skipped="1" hostname="DESKTOP-55AGI0I" name="com.amex.newtours.NewToursExcelRegisterTest" tests="1" failures="0" timestamp="2021-08-18T10:29:39 IST" time="0.000" errors="0">
  <testcase name="testDataProviderRegister" time="0.000" classname="com.amex.newtours.NewToursExcelRegisterTest">
    <skipped/>
  </testcase> <!-- testDataProviderRegister -->
  <system-out/>
</testsuite> <!-- com.amex.newtours.NewToursExcelRegisterTest -->
