<?xml version="1.0" encoding="UTF-8"?>
<!-- Generated by org.testng.reporters.JUnitReportReporter -->
<testsuite skipped="0" hostname="DESKTOP-55AGI0I" name="com.amex.dbtests.NSEDBTest" tests="1" failures="0" timestamp="2021-08-18T17:05:10 IST" time="10.715" errors="0">
  <testcase name="nseReportTest" time="10.715" classname="com.amex.dbtests.NSEDBTest"/>
  <system-out/>
</testsuite> <!-- com.amex.dbtests.NSEDBTest -->
