<?xml version="1.0" encoding="UTF-8"?>
<!-- Generated by org.testng.reporters.JUnitReportReporter -->
<testsuite skipped="0" hostname="DESKTOP-55AGI0I" name="com.amex.restassureddemo.weathertests.JSONPlaceHolderTest" tests="12" failures="0" timestamp="2021-08-19T16:49:48 IST" time="4.308" errors="0">
  <testcase name="getUserByPathParamTest" time="0.118" classname="com.amex.restassureddemo.weathertests.JSONPlaceHolderTest"/>
  <system-out/>
  <testcase name="getUserByPathParamTest" time="0.139" classname="com.amex.restassureddemo.weathertests.JSONPlaceHolderTest"/>
  <system-out/>
  <testcase name="getUserByPathParamTest" time="0.132" classname="com.amex.restassureddemo.weathertests.JSONPlaceHolderTest"/>
  <system-out/>
  <testcase name="getUserByPathParamTest" time="0.268" classname="com.amex.restassureddemo.weathertests.JSONPlaceHolderTest"/>
  <system-out/>
  <testcase name="getCustomerByQueryParamTest" time="2.599" classname="com.amex.restassureddemo.weathertests.JSONPlaceHolderTest"/>
  <system-out/>
  <testcase name="getUserByPathParamTest" time="0.117" classname="com.amex.restassureddemo.weathertests.JSONPlaceHolderTest"/>
  <system-out/>
  <testcase name="getUsersTest" time="0.123" classname="com.amex.restassureddemo.weathertests.JSONPlaceHolderTest"/>
  <system-out/>
  <testcase name="getUserByPathParamTest" time="0.155" classname="com.amex.restassureddemo.weathertests.JSONPlaceHolderTest"/>
  <system-out/>
  <testcase name="getUserByPathParamTest" time="0.227" classname="com.amex.restassureddemo.weathertests.JSONPlaceHolderTest"/>
  <system-out/>
  <testcase name="getUserByPathParamTest" time="0.163" classname="com.amex.restassureddemo.weathertests.JSONPlaceHolderTest"/>
  <system-out/>
  <testcase name="getUserByPathParamTest" time="0.131" classname="com.amex.restassureddemo.weathertests.JSONPlaceHolderTest"/>
  <system-out/>
  <testcase name="getUserByPathParamTest" time="0.136" classname="com.amex.restassureddemo.weathertests.JSONPlaceHolderTest"/>
  <system-out/>
</testsuite> <!-- com.amex.restassureddemo.weathertests.JSONPlaceHolderTest -->
