<?xml version="1.0" encoding="UTF-8"?>
<!-- Generated by org.testng.reporters.JUnitReportReporter -->
<testsuite skipped="0" hostname="DESKTOP-55AGI0I" name="com.amex.restassureddemo.weathertests.WeatherTest" tests="20" failures="0" timestamp="2021-08-19T15:14:43 IST" time="27.340" errors="0">
  <testcase name="statusCodeTest" time="1.288" classname="com.amex.restassureddemo.weathertests.WeatherTest"/>
  <system-out/>
  <testcase name="responseTest" time="1.319" classname="com.amex.restassureddemo.weathertests.WeatherTest"/>
  <system-out/>
  <testcase name="statusCodeTest" time="1.256" classname="com.amex.restassureddemo.weathertests.WeatherTest"/>
  <system-out/>
  <testcase name="responseTest" time="1.350" classname="com.amex.restassureddemo.weathertests.WeatherTest"/>
  <system-out/>
  <testcase name="contentTypeTest" time="1.284" classname="com.amex.restassureddemo.weathertests.WeatherTest"/>
  <system-out/>
  <testcase name="statusLineTest" time="1.290" classname="com.amex.restassureddemo.weathertests.WeatherTest"/>
  <system-out/>
  <testcase name="contentTypeTest" time="1.251" classname="com.amex.restassureddemo.weathertests.WeatherTest"/>
  <system-out/>
  <testcase name="contentTypeTest" time="3.065" classname="com.amex.restassureddemo.weathertests.WeatherTest"/>
  <system-out/>
  <testcase name="statusLineTest" time="1.234" classname="com.amex.restassureddemo.weathertests.WeatherTest"/>
  <system-out/>
  <testcase name="statusLineTest" time="1.215" classname="com.amex.restassureddemo.weathertests.WeatherTest"/>
  <system-out/>
  <testcase name="contentTypeTest" time="1.303" classname="com.amex.restassureddemo.weathertests.WeatherTest"/>
  <system-out/>
  <testcase name="responseTest" time="1.324" classname="com.amex.restassureddemo.weathertests.WeatherTest"/>
  <system-out/>
  <testcase name="statusLineTest" time="1.280" classname="com.amex.restassureddemo.weathertests.WeatherTest"/>
  <system-out/>
  <testcase name="responseTest" time="1.262" classname="com.amex.restassureddemo.weathertests.WeatherTest"/>
  <system-out/>
  <testcase name="responseTest" time="1.275" classname="com.amex.restassureddemo.weathertests.WeatherTest"/>
  <system-out/>
  <testcase name="statusCodeTest" time="1.298" classname="com.amex.restassureddemo.weathertests.WeatherTest"/>
  <system-out/>
  <testcase name="contentTypeTest" time="1.252" classname="com.amex.restassureddemo.weathertests.WeatherTest"/>
  <system-out/>
  <testcase name="statusCodeTest" time="1.265" classname="com.amex.restassureddemo.weathertests.WeatherTest"/>
  <system-out/>
  <testcase name="statusCodeTest" time="1.260" classname="com.amex.restassureddemo.weathertests.WeatherTest"/>
  <system-out/>
  <testcase name="statusLineTest" time="1.269" classname="com.amex.restassureddemo.weathertests.WeatherTest"/>
  <system-out/>
</testsuite> <!-- com.amex.restassureddemo.weathertests.WeatherTest -->
